0 info it worked if it ends with ok
<<<<<<< HEAD
1 verbose cli [ '/usr/bin/nodejs', '/usr/bin/npm', 'install' ]
2 info using npm@1.3.10
3 info using node@v0.10.25
4 error install Couldn't read dependencies
5 error Error: ENOENT, open '/home/thanhphuc/package.json'
6 error If you need help, you may report this log at:
6 error     <http://github.com/isaacs/npm/issues>
6 error or email it to:
6 error     <npm-@googlegroups.com>
7 error System Linux 3.19.0-32-generic
8 error command "/usr/bin/nodejs" "/usr/bin/npm" "install"
9 error cwd /home/thanhphuc/mean/NodeJSExample
10 error node -v v0.10.25
11 error npm -v 1.3.10
12 error path /home/thanhphuc/package.json
13 error code ENOENT
14 error errno 34
15 verbose exit [ 34, true ]
=======
1 verbose cli [ '/usr/bin/nodejs', '/usr/bin/npm', 'start' ]
2 info using npm@1.3.10
3 info using node@v0.10.25
4 error Error: ENOENT, open '/home/chivo/MEAN/NodeJSExample/package.json'
5 error If you need help, you may report this log at:
5 error     <http://github.com/isaacs/npm/issues>
5 error or email it to:
5 error     <npm-@googlegroups.com>
6 error System Linux 3.19.0-32-generic
7 error command "/usr/bin/nodejs" "/usr/bin/npm" "start"
8 error cwd /home/chivo/MEAN/NodeJSExample
9 error node -v v0.10.25
10 error npm -v 1.3.10
11 error path /home/chivo/MEAN/NodeJSExample/package.json
12 error code ENOENT
13 error errno 34
14 verbose exit [ 34, true ]
>>>>>>> 491a231b98e24200f0614569b7c42a69cb1d6956
